<?xml version="1.0" encoding="UTF-8" ?>
<testsuite failures="1" time="2.718" errors="0" skipped="0" tests="9" name="com.atomicaxis.ctlg_app.domain.ActionPlanIntegrationTest">
  <properties>
[...]
</properties>
  <testcase time="2.599" classname="com.atomicaxis.ctlg_app.domain.ActionPlanIntegrationTest" name="testCountActionPlans"/>
  <testcase time="0.008" classname="com.atomicaxis.ctlg_app.domain.ActionPlanIntegrationTest" name="testFindActionPlan"/>
  <testcase time="0.015" classname="com.atomicaxis.ctlg_app.domain.ActionPlanIntegrationTest" name="testFindAllActionPlans"/>
  <testcase time="0.014" classname="com.atomicaxis.ctlg_app.domain.ActionPlanIntegrationTest" name="testFindActionPlanEntries"/>
  <testcase time="0.01" classname="com.atomicaxis.ctlg_app.domain.ActionPlanIntegrationTest" name="testFlush"/>
  <testcase time="0.003" classname="com.atomicaxis.ctlg_app.domain.ActionPlanIntegrationTest" name="testMarkerMethod"/>
  <testcase time="0.013" classname="com.atomicaxis.ctlg_app.domain.ActionPlanIntegrationTest" name="testMergeUpdate"/>
  <testcase time="0.041" classname="com.atomicaxis.ctlg_app.domain.ActionPlanIntegrationTest" name="testPersist"/>
  <testcase time="0.015" classname="com.atomicaxis.ctlg_app.domain.ActionPlanIntegrationTest" name="testRemove">
    <failure message="Failed to remove &apos;ActionPlan&apos; with identifier &apos;2&apos;" type="java.lang.AssertionError">java.lang.AssertionError: Failed to remove &apos;ActionPlan&apos; with identifier &apos;2&apos;
	at org.junit.Assert.fail(Assert.java:93)
	at org.junit.Assert.assertTrue(Assert.java:43)
	at org.junit.Assert.assertNull(Assert.java:551)
	at com.atomicaxis.ctlg_app.domain.ActionPlanIntegrationTest_Roo_IntegrationTest.ajc$interMethod$com_atomicaxis_ctlg_app_domain_ActionPlanIntegrationTest_Roo_IntegrationTest$com_atomicaxis_ctlg_app_domain_ActionPlanIntegrationTest$testRemove(ActionPlanIntegrationTest_Roo_IntegrationTest.aj:118)
	at com.atomicaxis.ctlg_app.domain.ActionPlanIntegrationTest.testRemove(ActionPlanIntegrationTest.java:1)
	at sun.reflect.NativeMethodAccessorImpl.invoke0(Native Method)
	at sun.reflect.NativeMethodAccessorImpl.invoke(NativeMethodAccessorImpl.java:57)
	at sun.reflect.DelegatingMethodAccessorImpl.invoke(DelegatingMethodAccessorImpl.java:43)
	at java.lang.reflect.Method.invoke(Method.java:601)
	at org.junit.runners.model.FrameworkMethod$1.runReflectiveCall(FrameworkMethod.java:45)
	at org.junit.internal.runners.model.ReflectiveCallable.run(ReflectiveCallable.java:15)
	at org.junit.runners.model.FrameworkMethod.invokeExplosively(FrameworkMethod.java:42)
	at org.junit.internal.runners.statements.InvokeMethod.evaluate(InvokeMethod.java:20)
	at org.springframework.test.context.junit4.statements.RunBeforeTestMethodCallbacks.evaluate(RunBeforeTestMethodCallbacks.java:74)
	at org.springframework.test.context.junit4.statements.RunAfterTestMethodCallbacks.evaluate(RunAfterTestMethodCallbacks.java:83)
	at org.springframework.test.context.junit4.statements.SpringRepeat.evaluate(SpringRepeat.java:72)
	at org.springframework.test.context.junit4.SpringJUnit4ClassRunner.runChild(SpringJUnit4ClassRunner.java:231)
	at org.springframework.test.context.junit4.SpringJUnit4ClassRunner.runChild(SpringJUnit4ClassRunner.java:88)
	at org.junit.runners.ParentRunner$3.run(ParentRunner.java:231)
	at org.junit.runners.ParentRunner$1.schedule(ParentRunner.java:60)
	at org.junit.runners.ParentRunner.runChildren(ParentRunner.java:229)
	at org.junit.runners.ParentRunner.access$000(ParentRunner.java:50)
	at org.junit.runners.ParentRunner$2.evaluate(ParentRunner.java:222)
	at org.springframework.test.context.junit4.statements.RunBeforeTestClassCallbacks.evaluate(RunBeforeTestClassCallbacks.java:61)
	at org.springframework.test.context.junit4.statements.RunAfterTestClassCallbacks.evaluate(RunAfterTestClassCallbacks.java:71)
	at org.junit.runners.ParentRunner.run(ParentRunner.java:300)
	at org.springframework.test.context.junit4.SpringJUnit4ClassRunner.run(SpringJUnit4ClassRunner.java:174)
	at org.apache.maven.surefire.junit4.JUnit4Provider.execute(JUnit4Provider.java:236)
	at org.apache.maven.surefire.junit4.JUnit4Provider.executeTestSet(JUnit4Provider.java:134)
	at org.apache.maven.surefire.junit4.JUnit4Provider.invoke(JUnit4Provider.java:113)
	at sun.reflect.NativeMethodAccessorImpl.invoke0(Native Method)
	at sun.reflect.NativeMethodAccessorImpl.invoke(NativeMethodAccessorImpl.java:57)
	at sun.reflect.DelegatingMethodAccessorImpl.invoke(DelegatingMethodAccessorImpl.java:43)
	at java.lang.reflect.Method.invoke(Method.java:601)
	at org.apache.maven.surefire.util.ReflectionUtils.invokeMethodWithArray(ReflectionUtils.java:189)
	at org.apache.maven.surefire.booter.ProviderFactory$ProviderProxy.invoke(ProviderFactory.java:165)
	at org.apache.maven.surefire.booter.ProviderFactory.invokeProvider(ProviderFactory.java:85)
	at org.apache.maven.surefire.booter.ForkedBooter.runSuitesInProcess(ForkedBooter.java:103)
	at org.apache.maven.surefire.booter.ForkedBooter.main(ForkedBooter.java:74)
</failure>
  </testcase>
</testsuite>